<?xml version="1.0" encoding="UTF-8"?>
<!-- Generated by org.testng.reporters.JUnitReportReporter -->
<testsuite hostname="MaksimPC" failures="0" tests="6" name="by.chybisau.task1.logic.find.capacityfinder.PassangerCapacityFinderTest" time="0.000" errors="0" timestamp="10 мая 2019 17:25:39 GMT" skipped="0">
  <testcase classname="by.chybisau.task1.logic.find.capacityfinder.PassangerCapacityFinderTest" name="testGetMinPassangerCapacityPlane" time="0.000"/>
  <testcase classname="by.chybisau.task1.logic.find.capacityfinder.PassangerCapacityFinderTest" name="testGetMaxPassangerCapacityPlane" time="0.000"/>
  <testcase classname="by.chybisau.task1.logic.find.capacityfinder.PassangerCapacityFinderTest" name="testGetMaxPassangerCapacityPlane" time="0.000"/>
  <testcase classname="by.chybisau.task1.logic.find.capacityfinder.PassangerCapacityFinderTest" name="testGetMinPassangerCapacityPlane" time="0.000"/>
  <testcase classname="by.chybisau.task1.logic.find.capacityfinder.PassangerCapacityFinderTest" name="testCalculateTotalPassangerCapacity" time="0.000"/>
  <testcase classname="by.chybisau.task1.logic.find.capacityfinder.PassangerCapacityFinderTest" name="testCalculateTotalPassangerCapacity" time="0.000"/>
</testsuite> <!-- by.chybisau.task1.logic.find.capacityfinder.PassangerCapacityFinderTest -->
