<?xml version="1.0" encoding="UTF-8"?>
<!-- Generated by org.testng.reporters.JUnitReportReporter -->
<testsuite hostname="MaksimPC" failures="0" tests="6" name="by.chybisau.task1.logic.find.AllMethodsFindTest" time="0.004" errors="0" timestamp="09 мая 2019 17:48:16 GMT" skipped="0">
  <testcase classname="by.chybisau.task1.logic.find.AllMethodsFindTest" name="testGetMinFuelConsumptionPlane" time="0.000"/>
  <testcase classname="by.chybisau.task1.logic.find.AllMethodsFindTest" name="testGetMaxCruisingSpeedFlyingMashine" time="0.002"/>
  <testcase classname="by.chybisau.task1.logic.find.AllMethodsFindTest" name="testGetMaxFuelConsumptionPlane" time="0.001"/>
  <testcase classname="by.chybisau.task1.logic.find.AllMethodsFindTest" name="testGetMinFlightRangePlane" time="0.000"/>
  <testcase classname="by.chybisau.task1.logic.find.AllMethodsFindTest" name="testGetMinCruisingSpeedFlyingMashine" time="0.000"/>
  <testcase classname="by.chybisau.task1.logic.find.AllMethodsFindTest" name="testGetMaxFlightRangePlane" time="0.001"/>
</testsuite> <!-- by.chybisau.task1.logic.find.AllMethodsFindTest -->
