<?xml version="1.0" encoding="UTF-8"?>
<!-- Generated by org.testng.reporters.JUnitReportReporter -->
<testsuite hostname="MaksimPC" failures="0" tests="6" name="by.chybisau.firsttask.validator.StringValidatorTest" time="0.000" errors="0" timestamp="14 мая 2019 08:28:36 GMT" skipped="0">
  <testcase classname="by.chybisau.firsttask.validator.StringValidatorTest" name="testValidate" time="0.000"/>
  <testcase classname="by.chybisau.firsttask.validator.StringValidatorTest" name="testValidate" time="0.000"/>
  <testcase classname="by.chybisau.firsttask.validator.StringValidatorTest" name="testValidate" time="0.000"/>
  <testcase classname="by.chybisau.firsttask.validator.StringValidatorTest" name="testValidate" time="0.000"/>
  <testcase classname="by.chybisau.firsttask.validator.StringValidatorTest" name="testValidate" time="0.000"/>
  <testcase classname="by.chybisau.firsttask.validator.StringValidatorTest" name="testValidate" time="0.000"/>
</testsuite> <!-- by.chybisau.firsttask.validator.StringValidatorTest -->
