<?xml version="1.0" encoding="UTF-8"?>
<!-- Generated by org.testng.reporters.JUnitReportReporter -->
<testsuite hostname="MaksimPC" failures="1" tests="12" name="by.chybisau.task1.logic.sort.AllMethodsSortTest" time="0.013" errors="0" timestamp="10 мая 2019 17:25:39 GMT" skipped="0">
  <testcase classname="by.chybisau.task1.logic.sort.AllMethodsSortTest" name="testSortFlightRangeOfFlyingMashines" time="0.001"/>
  <testcase classname="by.chybisau.task1.logic.sort.AllMethodsSortTest" name="testGetDescendingOrderOfCruisingSpeed" time="0.003"/>
  <testcase classname="by.chybisau.task1.logic.sort.AllMethodsSortTest" name="testSortFuelConsumptionOfPlanesTwo" time="0.001"/>
  <testcase classname="by.chybisau.task1.logic.sort.AllMethodsSortTest" name="testGetAscendingOrderOfCargoCapacityTwo" time="0.000"/>
  <testcase classname="by.chybisau.task1.logic.sort.AllMethodsSortTest" name="testSortPassangerCapacityOfPlanes" time="0.000"/>
  <testcase classname="by.chybisau.task1.logic.sort.AllMethodsSortTest" name="testCargoCapacityAndCruisingSpeedComparatorTest" time="0.005"/>
  <testcase classname="by.chybisau.task1.logic.sort.AllMethodsSortTest" name="testGetAscendingOrderOfCruisingSpeed" time="0.001"/>
  <testcase classname="by.chybisau.task1.logic.sort.AllMethodsSortTest" name="testGetAscendingOrderOfCruisingSpeedTwo" time="0.000"/>
  <testcase classname="by.chybisau.task1.logic.sort.AllMethodsSortTest" name="testSortFuelConsumptionOfPlanes" time="0.001"/>
  <testcase classname="by.chybisau.task1.logic.sort.AllMethodsSortTest" name="testSortPassangerCapacityOfPlanesTwo" time="0.000"/>
  <testcase classname="by.chybisau.task1.logic.sort.AllMethodsSortTest" name="testSortFlightRangeOfFlyingMashinesTwo" time="0.000"/>
  <testcase classname="by.chybisau.task1.logic.sort.AllMethodsSortTest" name="testGetAscendingOrderOfCargoCapacity" time="0.001">
    <failure message="Lists differ at element [0]: CargoPlane{id=12, flightRange=15400.0 km , cruisingSpeed=800.0 km/h , fuelConsumption=15900.0 l producer=AN, model=225, , cargoCapacity=250000.0 tons} != CargoPlane{id=10, flightRange=5425.0 km , cruisingSpeed=853.0 km/h , fuelConsumption=12600.0 l producer=AN, model=124, , cargoCapacity=120000.0 tons} expected [CargoPlane{id=12, flightRange=15400.0 km , cruisingSpeed=800.0 km/h , fuelConsumption=15900.0 l producer=AN, model=225, , cargoCapacity=250000.0 tons}] but found [CargoPlane{id=10, flightRange=5425.0 km , cruisingSpeed=853.0 km/h , fuelConsumption=12600.0 l producer=AN, model=124, , cargoCapacity=120000.0 tons}]" type="java.lang.AssertionError">
      <![CDATA[java.lang.AssertionError: Lists differ at element [0]: CargoPlane{id=12, flightRange=15400.0 km , cruisingSpeed=800.0 km/h , fuelConsumption=15900.0 l producer=AN, model=225, , cargoCapacity=250000.0 tons} != CargoPlane{id=10, flightRange=5425.0 km , cruisingSpeed=853.0 km/h , fuelConsumption=12600.0 l producer=AN, model=124, , cargoCapacity=120000.0 tons} expected [CargoPlane{id=12, flightRange=15400.0 km , cruisingSpeed=800.0 km/h , fuelConsumption=15900.0 l producer=AN, model=225, , cargoCapacity=250000.0 tons}] but found [CargoPlane{id=10, flightRange=5425.0 km , cruisingSpeed=853.0 km/h , fuelConsumption=12600.0 l producer=AN, model=124, , cargoCapacity=120000.0 tons}]
at org.testng.Assert.fail(Assert.java:96)
at org.testng.Assert.failNotEquals(Assert.java:776)
at org.testng.Assert.assertEqualsImpl(Assert.java:137)
at org.testng.Assert.assertEquals(Assert.java:831)
at org.testng.Assert.assertEquals(Assert.java:796)
at by.chybisau.task1.logic.sort.AllMethodsSortTest.testGetAscendingOrderOfCargoCapacity(AllMethodsSortTest.java:60)
at java.base/jdk.internal.reflect.NativeMethodAccessorImpl.invoke0(Native Method)
at java.base/jdk.internal.reflect.NativeMethodAccessorImpl.invoke(NativeMethodAccessorImpl.java:62)
at java.base/jdk.internal.reflect.DelegatingMethodAccessorImpl.invoke(DelegatingMethodAccessorImpl.java:43)
at java.base/java.lang.reflect.Method.invoke(Method.java:566)
at org.testng.internal.MethodInvocationHelper.invokeMethod(MethodInvocationHelper.java:124)
at org.testng.internal.Invoker.invokeMethod(Invoker.java:583)
at org.testng.internal.Invoker.invokeTestMethod(Invoker.java:719)
at org.testng.internal.Invoker.invokeTestMethods(Invoker.java:989)
at org.testng.internal.TestMethodWorker.invokeTestMethods(TestMethodWorker.java:125)
at org.testng.internal.TestMethodWorker.run(TestMethodWorker.java:109)
at org.testng.TestRunner.privateRun(TestRunner.java:648)
at org.testng.TestRunner.run(TestRunner.java:505)
at org.testng.SuiteRunner.runTest(SuiteRunner.java:455)
at org.testng.SuiteRunner.runSequentially(SuiteRunner.java:450)
at org.testng.SuiteRunner.privateRun(SuiteRunner.java:415)
at org.testng.SuiteRunner.run(SuiteRunner.java:364)
at org.testng.SuiteRunnerWorker.runSuite(SuiteRunnerWorker.java:52)
at org.testng.SuiteRunnerWorker.run(SuiteRunnerWorker.java:84)
at org.testng.TestNG.runSuitesSequentially(TestNG.java:1208)
at org.testng.TestNG.runSuitesLocally(TestNG.java:1137)
at org.testng.TestNG.runSuites(TestNG.java:1049)
at org.testng.TestNG.run(TestNG.java:1017)
at org.apache.maven.surefire.testng.TestNGExecutor.run(TestNGExecutor.java:77)
at org.apache.maven.surefire.testng.TestNGDirectoryTestSuite.executeMulti(TestNGDirectoryTestSuite.java:159)
at org.apache.maven.surefire.testng.TestNGDirectoryTestSuite.execute(TestNGDirectoryTestSuite.java:99)
at org.apache.maven.surefire.testng.TestNGProvider.invoke(TestNGProvider.java:106)
at java.base/jdk.internal.reflect.NativeMethodAccessorImpl.invoke0(Native Method)
at java.base/jdk.internal.reflect.NativeMethodAccessorImpl.invoke(NativeMethodAccessorImpl.java:62)
at java.base/jdk.internal.reflect.DelegatingMethodAccessorImpl.invoke(DelegatingMethodAccessorImpl.java:43)
at java.base/java.lang.reflect.Method.invoke(Method.java:566)
at org.apache.maven.surefire.util.ReflectionUtils.invokeMethodWithArray(ReflectionUtils.java:189)
at org.apache.maven.surefire.booter.ProviderFactory$ProviderProxy.invoke(ProviderFactory.java:165)
at org.apache.maven.surefire.booter.ProviderFactory.invokeProvider(ProviderFactory.java:85)
at org.apache.maven.surefire.booter.ForkedBooter.runSuitesInProcess(ForkedBooter.java:115)
at org.apache.maven.surefire.booter.ForkedBooter.main(ForkedBooter.java:75)
]]>
    </failure>
  </testcase> <!-- testGetAscendingOrderOfCargoCapacity -->
</testsuite> <!-- by.chybisau.task1.logic.sort.AllMethodsSortTest -->
