<?xml version="1.0" encoding="UTF-8"?>
<!-- Generated by org.testng.reporters.JUnitReportReporter -->
<testsuite hostname="MaksimPC" failures="0" tests="8" name="by.chybisau.firsttask.creator.PassangerPlaneCreatorTest" time="0.000" errors="0" timestamp="14 мая 2019 08:28:36 GMT" skipped="0">
  <testcase classname="by.chybisau.firsttask.creator.PassangerPlaneCreatorTest" name="testCreateTwo" time="0.000"/>
  <testcase classname="by.chybisau.firsttask.creator.PassangerPlaneCreatorTest" name="testCreate" time="0.000"/>
  <testcase classname="by.chybisau.firsttask.creator.PassangerPlaneCreatorTest" name="testCreate" time="0.000"/>
  <testcase classname="by.chybisau.firsttask.creator.PassangerPlaneCreatorTest" name="testCreate" time="0.000"/>
  <testcase classname="by.chybisau.firsttask.creator.PassangerPlaneCreatorTest" name="testCreateTwo" time="0.000"/>
  <testcase classname="by.chybisau.firsttask.creator.PassangerPlaneCreatorTest" name="testCreate" time="0.000"/>
  <testcase classname="by.chybisau.firsttask.creator.PassangerPlaneCreatorTest" name="testCreateTwo" time="0.000"/>
  <testcase classname="by.chybisau.firsttask.creator.PassangerPlaneCreatorTest" name="testCreate" time="0.000"/>
</testsuite> <!-- by.chybisau.firsttask.creator.PassangerPlaneCreatorTest -->
