<?xml version="1.0" encoding="UTF-8"?>
<!-- Generated by org.testng.reporters.JUnitReportReporter -->
<testsuite hostname="MaksimPC" failures="0" tests="3" name="by.chybisau.firsttask.creator.CargoPlaneCreatorTest" time="0.020" errors="0" timestamp="14 мая 2019 08:28:36 GMT" skipped="0">
  <testcase classname="by.chybisau.firsttask.creator.CargoPlaneCreatorTest" name="testCreate" time="0.010"/>
  <testcase classname="by.chybisau.firsttask.creator.CargoPlaneCreatorTest" name="testCreate" time="0.010"/>
  <testcase classname="by.chybisau.firsttask.creator.CargoPlaneCreatorTest" name="testCreate" time="0.000"/>
</testsuite> <!-- by.chybisau.firsttask.creator.CargoPlaneCreatorTest -->
