<?xml version="1.0" encoding="UTF-8"?>
<!-- Generated by org.testng.reporters.JUnitReportReporter -->
<testsuite hostname="MaksimPC" failures="0" tests="6" name="by.chybisau.task1.logic.find.capacityfinder.CargoCapacityFinderTest" time="0.007" errors="0" timestamp="10 мая 2019 17:25:39 GMT" skipped="0">
  <testcase classname="by.chybisau.task1.logic.find.capacityfinder.CargoCapacityFinderTest" name="testGetMaxCargoCapacityPlane" time="0.000"/>
  <testcase classname="by.chybisau.task1.logic.find.capacityfinder.CargoCapacityFinderTest" name="testGetMinCargoCapacityPlane" time="0.001"/>
  <testcase classname="by.chybisau.task1.logic.find.capacityfinder.CargoCapacityFinderTest" name="testCalculateTotalCargoCapacity" time="0.005"/>
  <testcase classname="by.chybisau.task1.logic.find.capacityfinder.CargoCapacityFinderTest" name="testGetMaxCargoCapacityPlane" time="0.001"/>
  <testcase classname="by.chybisau.task1.logic.find.capacityfinder.CargoCapacityFinderTest" name="testGetMinCargoCapacityPlane" time="0.000"/>
  <testcase classname="by.chybisau.task1.logic.find.capacityfinder.CargoCapacityFinderTest" name="testCalculateTotalCargoCapacity" time="0.000"/>
</testsuite> <!-- by.chybisau.task1.logic.find.capacityfinder.CargoCapacityFinderTest -->
