<?xml version="1.0" encoding="UTF-8"?>
<!-- Generated by org.testng.reporters.JUnitReportReporter -->
<testsuite hostname="MaksimPC" failures="0" tests="3" name="by.chybisau.firsttask.logic.sorter.FlightRangeComparatorTest" time="0.000" errors="0" timestamp="14 мая 2019 08:28:36 GMT" skipped="0">
  <testcase classname="by.chybisau.firsttask.logic.sorter.FlightRangeComparatorTest" name="testSortFlightRange" time="0.000"/>
  <testcase classname="by.chybisau.firsttask.logic.sorter.FlightRangeComparatorTest" name="testCompare" time="0.000"/>
  <testcase classname="by.chybisau.firsttask.logic.sorter.FlightRangeComparatorTest" name="testCompare" time="0.000"/>
</testsuite> <!-- by.chybisau.firsttask.logic.sorter.FlightRangeComparatorTest -->
