<?xml version="1.0" encoding="UTF-8"?>
<!-- Generated by org.testng.reporters.JUnitReportReporter -->
<testsuite hostname="MaksimPC" failures="0" tests="2" name="by.chybisau.task1.logic.find.MaxMinCruisingSpeedFinderTest" time="0.001" errors="0" timestamp="10 мая 2019 17:25:39 GMT" skipped="0">
  <testcase classname="by.chybisau.task1.logic.find.MaxMinCruisingSpeedFinderTest" name="testGetMinCruisingSpeed" time="0.001"/>
  <testcase classname="by.chybisau.task1.logic.find.MaxMinCruisingSpeedFinderTest" name="testGetMaxCruisingSpeed" time="0.000"/>
</testsuite> <!-- by.chybisau.task1.logic.find.MaxMinCruisingSpeedFinderTest -->
