<?xml version="1.0" encoding="UTF-8"?>
<!-- Generated by org.testng.reporters.JUnitReportReporter -->
<testsuite hostname="MaksimPC" failures="0" tests="6" name="by.chybisau.firsttask.logic.finder.capacityfinder.CargoCapacityFinderTest" time="0.010" errors="0" timestamp="14 мая 2019 08:28:36 GMT" skipped="0">
  <testcase classname="by.chybisau.firsttask.logic.finder.capacityfinder.CargoCapacityFinderTest" name="testGetMaxCargoCapacityPlane" time="0.000"/>
  <testcase classname="by.chybisau.firsttask.logic.finder.capacityfinder.CargoCapacityFinderTest" name="testCalculateTotalCargoCapacity" time="0.010"/>
  <testcase classname="by.chybisau.firsttask.logic.finder.capacityfinder.CargoCapacityFinderTest" name="testGetMinCargoCapacityPlane" time="0.000"/>
  <testcase classname="by.chybisau.firsttask.logic.finder.capacityfinder.CargoCapacityFinderTest" name="testCalculateTotalCargoCapacity" time="0.000"/>
  <testcase classname="by.chybisau.firsttask.logic.finder.capacityfinder.CargoCapacityFinderTest" name="testGetMinCargoCapacityPlane" time="0.000"/>
  <testcase classname="by.chybisau.firsttask.logic.finder.capacityfinder.CargoCapacityFinderTest" name="testGetMaxCargoCapacityPlane" time="0.000"/>
</testsuite> <!-- by.chybisau.firsttask.logic.finder.capacityfinder.CargoCapacityFinderTest -->
